@ NAME             %06s "SURVEY"
@ TYPE             %06s "SURVEY"
@ TITLE            %11s "Ring ThomX "
@ ORIGIN           %16s "5.02.02 Linux 64"
@ DATE             %08s "22/09/15"
@ TIME             %08s "18.13.26"
* NAME                                S                  X                  Z              THETA 
$ %s                                %le                %le                %le                %le 
 "RING$START"                         0                  0                  0       -1.570796327
 "SD5"                              0.8               -0.8   -1.640827428e-10       -1.570796327
 "QP1"                       0.95000001        -0.95000001   -1.948482591e-10       -1.570796327
 "SD2"                       1.16000001        -1.16000001   -2.379199791e-10       -1.570796327
 "QP2"                       1.31000002        -1.31000002   -2.686854955e-10       -1.570796327
 "SD31"                      2.06375002        -2.06375002   -4.232822047e-10       -1.570796327
 "COE"                       2.06375002        -2.06375002   -4.232822047e-10       -1.570796327
 "DIP"                       2.34021002        -2.31265148       -0.103098337       -2.356194327
 "COS"                       2.34021002        -2.31265148       -0.103098337       -2.356194327
 "SD3S2"                     2.46521002       -2.401039842      -0.1914866703       -2.356194327
 "SX1"                       2.46521102       -2.401040549      -0.1914873774       -2.356194327
 "SD3S"                      2.54021102       -2.454073566      -0.2445203773       -2.356194327
 "QP31"                      2.69021103       -2.560139608      -0.3505863842       -2.356194327
 "SD3S"                      2.76521103       -2.613172625      -0.4036193842       -2.356194327
 "SX3"                       2.76521203       -2.613173332      -0.4036200913       -2.356194327
 "SD3S1"                     2.90521203       -2.712168298      -0.5026150245       -2.356194327
 "QP41"                      3.05521204       -2.818234339      -0.6086810314       -2.356194327
 "SD1S1"                     3.30021204       -2.991475529      -0.7819221645       -2.356194327
 "SX2"                       3.30021304       -2.991476236      -0.7819228716       -2.356194327
 "SD1S"                      3.37521304       -3.044509253      -0.8349558716       -2.356194327
 "QP4"                       3.52521305       -3.150575295      -0.9410218785       -2.356194327
 "SD2"                       3.73521305       -3.299067743       -1.089514278       -2.356194327
 "QP3"                       3.88521306       -3.405133785       -1.195580285       -2.356194327
 "SD3"                       4.12021306       -3.571303905       -1.361750352       -2.356194327
 "COE"                       4.12021306       -3.571303905       -1.361750352       -2.356194327
 "DIP"                       4.39667306       -3.674402323       -1.610651778       -3.141592327
 "COS"                       4.39667306       -3.674402323       -1.610651778       -3.141592327
 "SD0"                       4.49667306       -3.674402356       -1.710651778       -3.141592327
 "SD0"                       4.59667306       -3.674402389       -1.810651778       -3.141592327
 "COE"                       4.59667306       -3.674402389       -1.810651778       -3.141592327
 "DIP"                       4.87313306       -3.571304133       -2.059553271       -3.926990327
 "COS"                       4.87313306       -3.571304133       -2.059553271       -3.926990327
 "SD3"                       5.10813306       -3.405134121       -2.225723446       -3.926990327
 "QP3"                       5.25813307       -3.299068149       -2.331789523       -3.926990327
 "SD2"                       5.46813307       -3.150575798        -2.48028202       -3.926990327
 "QP4"                       5.61813308       -3.044509825       -2.586348096       -3.926990327
 "SD1S"                      5.69313308       -2.991476843        -2.63938113       -3.926990327
 "SX2"                       5.69313408       -2.991476136       -2.639381837       -3.926990327
 "SD1S1"                     5.93813408       -2.818235059       -2.812623084       -3.926990327
 "QP41"                      6.08813409       -2.712169087        -2.91868916       -3.926990327
 "SD3S1"                     6.22813409       -2.613174186       -3.017684158       -3.926990327
 "SX3"                       6.22813509       -2.613173479       -3.017684865       -3.926990327
 "SD3S"                      6.30313509       -2.560140496       -3.070717899       -3.926990327
 "QP31"                       6.4531351       -2.454074524       -3.176783976       -3.926990327
 "SD3S"                       6.5281351       -2.401041541        -3.22981701       -3.926990327
 "SX1"                        6.5281361       -2.401040834       -3.229817717       -3.926990327
 "SD3S2"                      6.6531361        -2.31265253       -3.318206108       -3.926990327
 "COE"                        6.6531361        -2.31265253       -3.318206108       -3.926990327
 "DIP"                        6.9295961       -2.063751137       -3.421304608       -4.712388327
 "COS"                        6.9295961       -2.063751137       -3.421304608       -4.712388327
 "SD32"                       7.2064711       -1.786876137       -3.421304788       -4.712388327
 "KICK_EXT"                   7.4064711       -1.586876137       -3.421304919       -4.712388327
 "SD32"                       7.6833461       -1.310001137         -3.4213051       -4.712388327
 "QP2"                       7.83334611       -1.160001127       -3.421305198       -4.712388327
 "SD2"                       8.04334611      -0.9500011274       -3.421305335       -4.712388327
 "QP1"                       8.19334612      -0.8000011174       -3.421305433       -4.712388327
 "SD52"                      8.33124612      -0.6621011174       -3.421305523       -4.712388327
 "SEPT_RIGHT"                8.33124612      -0.6621011174       -3.421305523       -4.712388327
 "SD51"                      8.99334612   -1.117363606e-06       -3.421305956       -4.712388327
 "SEPT_MID"                  8.99334612   -1.117363606e-06       -3.421305956       -4.712388327
 "SD51"                      9.65544612       0.6620988826       -3.421306389       -4.712388327
 "SEPT_LEFT"                 9.65544612       0.6620988826       -3.421306389       -4.712388327
 "SD52"                      9.79334612       0.7999988826       -3.421306479       -4.712388327
 "QP1"                       9.94334613       0.9499988926       -3.421306577       -4.712388327
 "SD2"                      10.15334613        1.159998893       -3.421306714       -4.712388327
 "QP2"                      10.30334614        1.309998903       -3.421306812       -4.712388327
 "SD32"                     10.58022114        1.586873903       -3.421306993       -4.712388327
 "KICK_INJ"                 10.78022114        1.786873903       -3.421307123       -4.712388327
 "SD32"                     11.05709614        2.063748903       -3.421307304       -4.712388327
 "COE"                      11.05709614        2.063748903       -3.421307304       -4.712388327
 "DIP"                      11.33355614         2.31265043        -3.31820913       -5.497786327
 "COS"                      11.33355614         2.31265043        -3.31820913       -5.497786327
 "SD3S2"                    11.45855614         2.40103885       -3.229820855       -5.497786327
 "SX1"                      11.45855714        2.401039557       -3.229820148       -5.497786327
 "SD3S"                     11.53355714        2.454072609       -3.176787183       -5.497786327
 "QP31"                     11.68355715         2.56013872       -3.070721245       -5.497786327
 "SD3S"                     11.75855715        2.613171772        -3.01768828       -5.497786327
 "SX3"                      11.75855815        2.613172479       -3.017687573       -5.497786327
 "SD3S1"                    11.89855815        2.712167509       -2.918692704       -5.497786327
 "QP41"                     12.04855816         2.81823362       -2.812626766       -5.497786327
 "SD1S1"                    12.29355816        2.991474923       -2.639385747       -5.497786327
 "SX2"                      12.29355916         2.99147563       -2.639385039       -5.497786327
 "SD1S"                     12.36855916        3.044508682       -2.586352074       -5.497786327
 "QP4"                      12.51855917        3.150574793       -2.480286137       -5.497786327
 "SD2"                      12.72855917        3.299067338       -2.331793834       -5.497786327
 "QP3"                      12.87855918        3.405133449       -2.225727896       -5.497786327
 "SD3"                      13.11355918        3.571303678       -2.059557938       -5.497786327
 "COE"                      13.11355918        3.571303678       -2.059557938       -5.497786327
 "DIP"                      13.39001918        3.674402259        -1.81065658       -6.283184327
 "COS"                      13.39001918        3.674402259        -1.81065658       -6.283184327
 "SD0"                      13.49001918        3.674402357        -1.71065658       -6.283184327
 "SD0"                      13.59001918        3.674402455        -1.61065658       -6.283184327
 "COE"                      13.59001918        3.674402455        -1.61065658       -6.283184327
 "DIP"                      13.86647918        3.571304362       -1.361755019       -7.068582327
 "COS"                      13.86647918        3.571304362       -1.361755019       -7.068582327
 "SD3"                      14.10147918        3.405134458       -1.195584735       -7.068582327
 "QP3"                      14.25147919        3.299068556       -1.089518589       -7.068582327
 "SD2"                      14.46147919        3.150576301      -0.9410259956       -7.068582327
 "QP4"                       14.6114792        3.044510398      -0.8349598501       -7.068582327
 "SD1S"                      14.6864792         2.99147745      -0.7819267808       -7.068582327
 "SX2"                       14.6864802        2.991476743      -0.7819260737       -7.068582327
 "SD1S1"                     14.9314802         2.81823578      -0.6086847142       -7.068582327
 "QP41"                     15.08148021        2.712169877      -0.5026185687       -7.068582327
 "SD3S1"                    15.22148021        2.613175041      -0.4036235061       -7.068582327
 "SX3"                      15.22148121        2.613174334       -0.403622799       -7.068582327
 "SD3S"                     15.29648121        2.560141386      -0.3505897297       -7.068582327
 "QP31"                     15.44648122        2.454075483      -0.2445235842       -7.068582327
 "SD3S"                     15.52148122        2.401042535       -0.191490515       -7.068582327
 "SX1"                      15.52148222        2.401041828      -0.1914898079       -7.068582327
 "SD3S2"                    15.64648222        2.312653581      -0.1031013591       -7.068582327
 "COE"                      15.64648222        2.312653581      -0.1031013591       -7.068582327
 "DIP"                      15.92294222        2.063752256   -2.697270076e-06       -7.853980327
 "COS"                      15.92294222        2.063752256   -2.697270076e-06       -7.853980327
 "SD31"                     16.67669222        1.310002256    -1.71213806e-06       -7.853980327
 "QP2"                      16.82669223        1.160002246   -1.516091874e-06       -7.853980327
 "SD2"                      17.03669223       0.9500022461   -1.241627233e-06       -7.853980327
 "QP1"                      17.18669224       0.8000022361   -1.045581047e-06       -7.853980327
 "SD5"                      17.98669224    2.236130655e-06   -1.460634478e-12       -7.853980327
 "RING$END"                 17.98669224    2.236130655e-06   -1.460634478e-12       -7.853980327
