@ NAME             %05s "TWISS"
@ TYPE             %05s "TWISS"
@ SEQUENCE         %04s "RING"
@ PARTICLE         %08s "ELECTRON"
@ MASS             %le      0.000510998928
@ CHARGE           %le                  -1
@ ENERGY           %le         0.050510999
@ PC               %le       0.05050841415
@ GAMMA            %le         98.84756353
@ KBUNCH           %le                   1
@ BCURRENT         %le                   0
@ SIGE             %le                   0
@ SIGT             %le                   0
@ NPART            %le                   0
@ EX               %le                   1
@ EY               %le                   1
@ ET               %le                   1
@ LENGTH           %le         17.98669224
@ ALFA             %le       0.01237158129
@ ORBIT5           %le                  -0
@ GAMMATR          %le         8.990573451
@ Q1               %le         3.169924559
@ Q2               %le         1.639867572
@ DQ1              %le    -4.587991066e-07
@ DQ2              %le    -0.0003414292291
@ DXMAX            %le        0.8779488017
@ DYMAX            %le                   0
@ XCOMAX           %le     2.814074604e-08
@ YCOMAX           %le                   0
@ BETXMAX          %le         10.69826929
@ BETYMAX          %le         10.51826779
@ XCORMS           %le     8.015080893e-09
@ YCORMS           %le                   0
@ DXRMS            %le        0.4072537423
@ DYRMS            %le                   0
@ DELTAP           %le                   0
@ SYNCH_1          %le                   0
@ SYNCH_2          %le                   0
@ SYNCH_3          %le                   0
@ SYNCH_4          %le                   0
@ SYNCH_5          %le                   0
@ TITLE            %11s "Ring ThomX "
@ ORIGIN           %16s "5.02.02 Linux 64"
@ DATE             %08s "22/09/15"
@ TIME             %08s "18.13.26"
* NAME                                S               BETX               BETY               ALFX               ALFY                 DX                DPX 
$ %s                                %le                %le                %le                %le                %le                %le                %le 
 "RING$START"                         0        4.636280156        2.449101975   -3.904082455e-08    6.092224005e-09     0.002321614831    1.734651511e-08
 "SD5"                              0.8         4.77432192         2.71042224      -0.1725521655      -0.3266503368     0.002321629504    1.734651511e-08
 "QP1"                       0.95000001         5.33196518        2.546860049       -3.669071276        1.380202057     0.002439552697     0.001585466062
 "SD2"                       1.16000001        6.992589158        2.017475804       -4.238661951        1.140675303     0.002772500909     0.001585466062
 "QP2"                       1.31000002        6.797796055        2.102184043        5.446114126       -1.743959635     0.002719227687    -0.002283441113
 "SD31"                      2.06375002        1.150261599         5.82343605        2.046468901       -3.193024786    0.0009980836641    -0.002283441113
 "COE"                       2.06375002        1.150261599         5.82343605        2.046468901       -3.193024786    0.0009980836641    -0.002283441113
 "DIP"                       2.34021002       0.1341965478         8.15827261       0.8400814914       -5.514896528       0.1032410125       0.7035232391
 "COS"                       2.34021002       0.1341965478         8.15827261       0.8400814914       -5.514896528       0.1032410125       0.7035232391
 "SD3S2"                     2.46521002       0.1227814282        9.597162065      -0.7487605347       -5.996219066       0.1911814176       0.7035232391
 "SX1"                       2.46521102       0.1227829257        9.597174057      -0.7487732443       -5.996223011       0.1911821211       0.7035232372
 "SD3S"                      2.54021102       0.3065968042        10.51826703       -1.702078459       -6.285016543        0.243946364       0.7035232372
 "QP31"                      2.69021103        1.318225803        9.558426217       -5.640542696        12.09526551       0.3881097261        1.261864265
 "SD3S"                      2.76521103        2.304335145        7.830817692       -7.507581823        10.93951472       0.4827495464        1.261864265
 "SX3"                       2.76521203        2.304350161        7.830795813       -7.507606708        10.93949928       0.4827508083        1.261864263
 "SD3S1"                     2.90521203        4.894399607        5.069772207       -10.99274641        8.782097824       0.6594118058        1.261864263
 "QP41"                      3.05521204        7.407207296           3.505526       -4.653003815        2.317166679       0.7791621944       0.3087069274
 "SD1S1"                     3.30021204         9.87072918        2.479174966       -5.402187509        1.872021199       0.8547953917       0.3087069274
 "SX2"                       3.30021304        9.870739984        2.479171222       -5.402190584        1.872019386       0.8547957005       0.3087069288
 "SD1S"                      3.37521304        10.69826922         2.20858849       -5.631532532        1.735750361       0.8779487201       0.3087069288
 "QP4"                       3.52521305        8.858973102         2.44448593         16.4762675       -3.482133387       0.7770984328       -1.615193231
 "SD2"                       3.73521305        3.295284386        4.143769437        10.01748818       -4.609692802       0.4379078528       -1.615193231
 "QP3"                       3.88521306        1.710444297        3.851989559        1.913792231         6.28974934       0.2692966781      -0.7070189435
 "SD3"                       4.12021306       0.9615030211        1.477319396        1.273191907        3.815230035       0.1031472252      -0.7070189435
 "COE"                       4.12021306       0.9615030211        1.477319396        1.273191907        3.815230035       0.1031472252      -0.7070189435
 "DIP"                       4.39667306       0.2014666966       0.2002905649        0.886003626       0.9475300727    6.167956852e-05    8.330990342e-09
 "COS"                       4.39667306       0.2014666966       0.2002905649        0.886003626       0.9475300727    6.167956852e-05    8.330990342e-09
 "SD0"                       4.49667306       0.1128663434       0.1055375528   -1.004077937e-07    4.031403425e-08    6.168086034e-05    8.330990342e-09
 "SD0"                       4.59667306       0.2014667368       0.2002905487      -0.8860038269      -0.9475299921    6.168215216e-05    8.330990342e-09
 "COE"                       4.59667306       0.2014667368       0.2002905487      -0.8860038269      -0.9475299921    6.168215216e-05    8.330990342e-09
 "DIP"                       4.87313306       0.9615031057        1.477319336       -1.273191866       -3.815229922       0.1031472331       0.7070189501
 "COS"                       4.87313306       0.9615031057        1.477319336       -1.273191866       -3.815229922       0.1031472331       0.7070189501
 "SD3"                       5.10813306         1.71044435        3.851989461       -1.913792112       -6.289749212       0.2692966906       0.7070189501
 "QP3"                       5.25813307        3.295284424        4.143769343        -10.0174881        4.609692667       0.4379078727        1.615193278
 "SD2"                       5.46813307        8.858973124        2.444485873        -16.4762673         3.48213328       0.7770984704        1.615193278
 "QP4"                       5.61813308        10.69826919        2.208588445        5.631532771       -1.735750354       0.8779487602      -0.3087069729
 "SD1S"                      5.69313308        9.870739907        2.479171179        5.402190801       -1.872019382       0.8547957365      -0.3087069729
 "SX2"                       5.69313408        9.870729103        2.479174923         5.40218711        -1.87202104       0.8547954278      -0.3087069181
 "SD1S1"                     5.93813408        7.407207371        3.505525876        4.653003511       -2.317166472       0.7791622305      -0.3087069181
 "QP41"                      6.08813409        4.894399722        5.069771995        10.99274633       -8.782097327       0.6594118368       -1.261864299
 "SD3S1"                     6.22813409        2.304350262        7.830795466        7.507606733       -10.93949865         0.48275083       -1.261864299
 "SX3"                       6.22813509        2.304335247        7.830817345        7.507581942       -10.93951441       0.4827495682        -1.26186432
 "SD3S"                      6.30313509        1.318225877        9.558425837        5.640542824        -12.0952652       0.3881097415        -1.26186432
 "QP31"                       6.4531351       0.3065968424        10.51826667        1.702078542        6.285016164       0.2439463689      -0.7035232749
 "SD3S"                       6.5281351       0.1227829468        9.597173744       0.7487733694        5.996222654       0.1911821217      -0.7035232749
 "SX1"                        6.5281361       0.1227814493        9.597161752       0.7487606622        5.996218531       0.1911814182      -0.7035232803
 "SD3S2"                      6.6531361       0.1341965289        8.158272411      -0.8400812976        5.514896057       0.1032410055      -0.7035232803
 "COE"                        6.6531361       0.1341965289        8.158272411      -0.8400812976        5.514896057       0.1032410055      -0.7035232803
 "DIP"                        6.9295961        1.150261506        5.823435881       -2.046468803        3.193024675    0.0009980660543     0.002283432875
 "COS"                        6.9295961        1.150261506        5.823435881       -2.046468803        3.193024675    0.0009980660543     0.002283432875
 "SD32"                       7.2064711        2.629252849        4.202674883       -3.295260565        2.660739558     0.001630291455     0.002283432875
 "KICK_EXT"                   7.4064711        4.127769453        3.215278022       -4.197322333        2.276244666     0.002086977975     0.002283432875
 "SD32"                       7.6833461        6.797795957        2.102183961       -5.446114095         1.74395955     0.002719203375     0.002283432875
 "QP2"                       7.83334611        6.992589074         2.01747573        4.238661856       -1.140675285     0.002772478077    -0.001585441019
 "SD2"                       8.04334611        5.331965108        2.546859979        3.669071189       -1.380202048     0.002439535795    -0.001585441019
 "QP1"                       8.19334612        4.774321857        2.710422177       0.1725521264       0.3266502973     0.002321615958    -2.43259925e-09
 "SD52"                      8.33124612        4.730833632         2.62809667       0.1428084531       0.2703439436     0.002321615764    -2.43259925e-09
 "SEPT_RIGHT"                8.33124612        4.730833632         2.62809667       0.1428084531       0.2703439436     0.002321615764    -2.43259925e-09
 "SD51"                      8.99334612        4.636280156        2.449101975   -2.928469542e-09   -5.081554012e-08     0.002321614831    -2.43259925e-09
 "SEPT_MID"                  8.99334612        4.636280156        2.449101975   -2.928469542e-09   -5.081554012e-08     0.002321614831    -2.43259925e-09
 "SD51"                      9.65544612         4.73083364        2.628096804      -0.1428084589      -0.2703440452     0.002321613898    -2.43259925e-09
 "SEPT_LEFT"                 9.65544612         4.73083364        2.628096804      -0.1428084589      -0.2703440452     0.002321613898    -2.43259925e-09
 "SD52"                      9.79334612        4.774321866         2.71042234      -0.1725521322       -0.326650399     0.002321613704    -2.43259925e-09
 "QP1"                       9.94334613         5.33196512        2.546860154       -3.669071203        1.380202068     0.002439533085     0.001585434491
 "SD2"                      10.15334613        6.992589093        2.017475895       -4.238661872        1.140675317     0.002772474683     0.001585434491
 "QP2"                      10.30334614        6.797795977         2.10218415        5.446114105       -1.743959754     0.002719199566    -0.002283434399
 "SD32"                     10.58022114        4.127769467        3.215278336        4.197322343       -2.276244916      0.00208697355    -0.002283434399
 "KICK_INJ"                 10.78022114         2.62925286        4.202675304        3.295260573       -2.660739842     0.001630286585    -0.002283434399
 "SD32"                     11.05709614        1.150261512        5.823436472        2.046468811       -3.193025004    0.0009980605682    -0.002283434399
 "COE"                      11.05709614        1.150261512        5.823436472        2.046468811       -3.193025004    0.0009980605682    -0.002283434399
 "DIP"                      11.33355614       0.1341965307        8.158273227       0.8400813147       -5.514896652       0.1032410006       0.7035232903
 "COS"                      11.33355614       0.1341965307        8.158273227       0.8400813147       -5.514896652       0.1032410006       0.7035232903
 "SD3S2"                    11.45855614        0.122781449        9.597162735       -0.748760663       -5.996219183        0.191181415       0.7035232903
 "SX1"                      11.45855714       0.1227829465        9.597174728      -0.7487733677       -5.996223499       0.1911821185        0.703523281
 "SD3S"                     11.53355714        0.306596844        10.51826779       -1.702078549       -6.285017061       0.2439463664        0.703523281
 "QP31"                     11.68355715        1.318225894         9.55842691       -5.640542871        12.09526633       0.3881097406        1.261864323
 "SD3S"                     11.75855715         2.30433528        7.830818241       -7.507582011        10.93951546       0.4827495683        1.261864323
 "SX3"                      11.75855815        2.304350295        7.830796362       -7.507606784        10.93949963       0.4827508301        1.261864298
 "SD3S1"                    11.89855815        4.894399794        5.069772616        -10.9927464        8.782098154       0.6594118382        1.261864298
 "QP41"                     12.04855816        7.407207471        3.505526355       -4.653003472        2.317166559       0.7791622325       0.3087069148
 "SD1S1"                    12.29355816        9.870729199        2.479175344       -5.402187054        1.872021156       0.8547954292       0.3087069148
 "SX2"                      12.29355916        9.870740004          2.4791716       -5.402190781        1.872019507       0.8547957379       0.3087069727
 "SD1S"                     12.36855916        10.69826929        2.208588845       -5.631532749        1.735750487       0.8779487616       0.3087069727
 "QP4"                      12.51855917        8.858973174        2.444486374        16.47626747       -3.482134148       0.7770984705       -1.615193281
 "SD2"                      12.72855917        3.295284386        4.143770285        10.01748812       -4.609693832       0.4379078689       -1.615193281
 "QP3"                      12.87855918        1.710444287        3.851990364        1.913792191        6.289750588       0.2692966837      -0.7070189665
 "SD3"                      13.11355918       0.9615030166        1.477319689        1.273191874        3.815230802         0.10314722      -0.7070189665
 "COE"                      13.11355918       0.9615030166        1.477319689        1.273191874        3.815230802         0.10314722      -0.7070189665
 "DIP"                      13.39001918       0.2014667001       0.2002905658       0.8860036181        0.947530278     6.16681313e-05    8.331035084e-09
 "COS"                      13.39001918       0.2014667001       0.2002905658       0.8860036181        0.947530278     6.16681313e-05    8.331035084e-09
 "SD0"                      13.49001918       0.1128663462       0.1055375316   -1.004077028e-07    4.031402963e-08    6.166942312e-05    8.331035084e-09
 "SD0"                      13.59001918       0.2014667403       0.2002905496       -0.886003819      -0.9475301974    6.167071494e-05    8.331035084e-09
 "COE"                      13.59001918       0.2014667403       0.2002905496       -0.886003819      -0.9475301974    6.167071494e-05    8.331035084e-09
 "DIP"                      13.86647918       0.9615031012        1.477319629       -1.273191833        -3.81523069       0.1031472278       0.7070189731
 "COS"                      13.86647918       0.9615031012        1.477319629       -1.273191833        -3.81523069       0.1031472278       0.7070189731
 "SD3"                      14.10147918         1.71044434        3.851990266       -1.913792072       -6.289750461       0.2692966962       0.7070189731
 "QP3"                      14.25147919        3.295284424        4.143770191       -10.01748804        4.609693697       0.4379078889        1.615193328
 "SD2"                      14.46147919        8.858973196        2.444486318       -16.47626727        3.482134042       0.7770985081        1.615193328
 "QP4"                       14.6114792        10.69826925          2.2085888        5.631532987       -1.735750479       0.8779488017      -0.3087070168
 "SD1S"                      14.6864792        9.870739927        2.479171557        5.402190998       -1.872019502       0.8547957739      -0.3087070168
 "SX2"                       14.6864802        9.870729122        2.479175301        5.402186655       -1.872020997       0.8547954652      -0.3087069055
 "SD1S1"                     14.9314802        7.407207546         3.50552623        4.653003167       -2.317166352       0.7791622686      -0.3087069055
 "QP41"                     15.08148021        4.894399909        5.069772404        10.99274633       -8.782097657       0.6594118693       -1.261864333
 "SD3S1"                    15.22148021        2.304350397        7.830796014        7.507606809         -10.939499       0.4827508519       -1.261864333
 "SX3"                      15.22148121        2.304335382        7.830817893        7.507582131       -10.93951515         0.48274959       -1.261864378
 "SD3S"                     15.29648121        1.318225969         9.55842653        5.640542999       -12.09526602       0.3881097559       -1.261864378
 "QP31"                     15.44648122       0.3065968823        10.51826743        1.702078632        6.285016682       0.2439463713      -0.7035233187
 "SD3S"                     15.52148122       0.1227829677        9.597174415       0.7487734929        5.996223142       0.1911821191      -0.7035233187
 "SX1"                      15.52148222       0.1227814701        9.597162422       0.7487607904        5.996218648       0.1911814156      -0.7035233315
 "SD3S2"                    15.64648222       0.1341965118        8.158273028      -0.8400811208        5.514896182       0.1032409937      -0.7035233315
 "COE"                      15.64648222       0.1341965118        8.158273028      -0.8400811208        5.514896182       0.1032409937      -0.7035233315
 "DIP"                      15.92294222         1.15026142        5.823436302       -2.046468713        3.193024893    0.0009980429584     0.002283426161
 "COS"                      15.92294222         1.15026142        5.823436302       -2.046468713        3.193024893    0.0009980429584     0.002283426161
 "SD31"                     16.67669222        6.797795879        2.102184068       -5.446114074        1.743959669     0.002719175254     0.002283426161
 "QP2"                      16.82669223        6.992589009        2.017475821        4.238661776       -1.140675299     0.002772451851    -0.001585409448
 "SD2"                      17.03669223        5.331965048        2.546860084        3.669071115       -1.380202058     0.002439516184    -0.001585409448
 "QP1"                      17.18669224        4.774321804        2.710422276       0.1725520931       0.3266503595     0.002321600159    1.734651578e-08
 "SD5"                      17.98669224        4.636280156        2.449101975   -3.904082629e-08    6.092230698e-09     0.002321614831    1.734651578e-08
 "RING$END"                 17.98669224        4.636280156        2.449101975   -3.904082629e-08    6.092230698e-09     0.002321614831    1.734651578e-08
